[2025-03-10T15:16:01.135Z] Starting product data update...
[2025-03-10T15:16:01.178Z] Created backup of products file: /home/kayakertom/newdashcam/data/products.backup.json
[2025-03-10T15:16:01.183Z] Read 12 existing products
[2025-03-10T15:16:03.142Z] Scraped 0 new products
[2025-03-10T15:16:03.152Z] Merged into 12 total products
[2025-03-10T15:16:03.161Z] Saved 12 products to /home/kayakertom/newdashcam/data/products.json
[2025-03-10T15:16:03.168Z] Product data update completed successfully
[2025-03-10T15:17:24.266Z] Starting product data update...
[2025-03-10T15:17:24.309Z] Created backup of products file: /home/kayakertom/newdashcam/data/products.backup.json
[2025-03-10T15:17:24.314Z] Read 12 existing products
[2025-03-10T15:18:47.901Z] Scraped 0 new products
[2025-03-10T15:18:47.915Z] Merged into 12 total products
[2025-03-10T15:18:47.931Z] Saved 12 products to /home/kayakertom/newdashcam/data/products.json
[2025-03-10T15:18:47.939Z] Product data update completed successfully
[2025-03-10T15:23:21.678Z] Starting product data update...
[2025-03-10T15:23:21.751Z] Created backup of products file: /home/kayakertom/newdashcam/data/products.backup.json
[2025-03-10T15:23:21.756Z] Read 12 existing products
[2025-03-10T15:25:46.091Z] Scraped 0 new products
[2025-03-10T15:25:46.096Z] Merged into 12 total products
[2025-03-10T15:25:46.101Z] Saved 12 products to /home/kayakertom/newdashcam/data/products.json
[2025-03-10T15:25:46.103Z] Product data update completed successfully
[2025-03-10T15:27:12.005Z] Starting product data update...
[2025-03-10T15:27:12.053Z] Created backup of products file: /home/kayakertom/newdashcam/data/products.backup.json
[2025-03-10T15:27:12.059Z] Read 12 existing products
[2025-03-10T15:29:34.392Z] Scraped 2 new products
[2025-03-10T15:29:34.407Z] Merged into 14 total products
[2025-03-10T15:29:34.427Z] Saved 14 products to /home/kayakertom/newdashcam/data/products.json
[2025-03-10T15:29:34.429Z] Product data update completed successfully
[2025-03-10T15:42:53.777Z] Starting product data reset...
[2025-03-10T15:42:53.821Z] Created backup of products file: /home/kayakertom/newdashcam/data/products.backup.json
[2025-03-10T15:42:53.824Z] Deleting all existing product data...
[2025-03-10T15:42:53.825Z] Scraping 2 products from PRODUCT_URLS array...
[2025-03-10T15:44:48.705Z] Scraped 2 products from PRODUCT_URLS
[2025-03-10T15:44:48.711Z] Saved 2 products to /home/kayakertom/newdashcam/data/products.json
[2025-03-10T15:44:48.714Z] Product data reset completed successfully
[2025-03-10T16:01:40.119Z] Starting product data reset...
[2025-03-10T16:01:40.166Z] Created backup of products file: /home/kayakertom/newdashcam/data/products.backup.json
[2025-03-10T16:01:40.168Z] Deleting all existing product data...
[2025-03-10T16:01:40.169Z] Scraping 2 products from PRODUCT_URLS array...
[2025-03-10T16:03:21.494Z] Scraped 2 products from PRODUCT_URLS
[2025-03-10T16:03:21.503Z] Saved 2 products to /home/kayakertom/newdashcam/data/products.json
[2025-03-10T16:03:21.506Z] Product data reset completed successfully
[2025-03-10T20:50:55.074Z] Starting product data reset...
[2025-03-10T20:50:55.207Z] Created backup of products file: /home/kayakertom/newdashcam/data/products.backup.json
[2025-03-10T20:50:55.215Z] Deleting all existing product data...
[2025-03-10T20:50:55.220Z] Scraping 4 products from PRODUCT_URLS array...
[2025-03-10T20:51:01.345Z] Starting product data update...
[2025-03-10T20:51:01.462Z] Created backup of products file: /home/kayakertom/newdashcam/data/products.backup.json
[2025-03-10T20:51:01.500Z] Read 2 existing products
[2025-03-10T20:53:45.765Z] Starting product data reset...
[2025-03-10T20:53:45.844Z] Created backup of products file: /home/kayakertom/newdashcam/data/products.backup.json
[2025-03-10T20:53:45.847Z] Deleting all existing product data...
[2025-03-10T20:53:45.858Z] Scraping 4 products from PRODUCT_URLS array...
[2025-03-10T20:54:11.459Z] Starting product data reset...
[2025-03-10T20:54:11.570Z] Created backup of products file: /home/kayakertom/newdashcam/data/products.backup.json
[2025-03-10T20:54:11.580Z] Deleting all existing product data...
[2025-03-10T20:54:11.582Z] Scraping 4 products from PRODUCT_URLS array...
[2025-03-10T20:55:21.896Z] Starting product data download...
[2025-03-10T20:55:21.963Z] Product URLs to scrape (4):
[2025-03-10T20:55:21.967Z]   1. https://www.amazon.com/Garmin-Extra-Wide-180-degree-Connected-Features/dp/B093244D1J?crid=37G8IKX6C288S&dib=eyJ2IjoiMSJ9.J7XVKz8MNSLeQCT3IDQFoy86etXo3dNNRpIuLVm5Mr15SurAJYK6nOtkSbbJ_JAWTwXQh1eLU2DtYmKTu2rz7Rr7AgySc6wtbVWvwz59vaDdItv-axi6q3Z8heLsyVAqWtrnyzNrTrSVrQU7pKPkdw5bAPGqxsJ7gltzI2Z4t4T13ZwZr22WaG6cCdWCcQvAn_Z-kFcLGRT7g_TgH8I04tIIMaB3hbjh3Yb9QPTjbOc.lgsO3yWi3cnkk8gF-dMd-XyHSm1MYYwkTqzRFPgjlCY&dib_tag=se&keywords=garmin+dash+cam&qid=1741621029&sprefix=garmin+dash+cam%2Caps%2C804&sr=8-3
[2025-03-10T20:55:21.974Z]   2. https://www.amazon.com/Garmin-Extra-Wide-180-degree-Connected-International/dp/B094Y1BP18?crid=2KRUAMQ92U6PU&dib=eyJ2IjoiMSJ9.mY___zHn-VEdfQspSZHPEhO0UK8AWkzyHIld0tg3IQchG0AtRxHI_Vu8IyLM_GR5TwXQh1eLU2DtYmKTu2rz7TAHA3OBCSIwVTjapinwbXXuNssHI6FMBttn95qlJ8vY-F10Wm0AcXOqo9AWIWx2Tqk-8uQ5d0FlpShvaS4umMqDhnTwx6W-cs2DNz1pP4fWsWDwLNQBsUYLMyav6TqfBxqFCq3Ji-JWzUkd48WZ9Rs.CUWIPPKyzC48E-ai_twGF4hnTLlAAPtacKDpqmyq2xI&dib_tag=se&keywords=garmin+dash+cam&qid=1741639510&sprefix=garmin+dash+cam%2Caps%2C280&sr=8-3
[2025-03-10T20:55:21.977Z]   3. https://www.amazon.com/R2-4K-Dashboard-Camera-Recorder-Vision/dp/B074JT3698?crid=2W6BWJQT6YEUA&dib=eyJ2IjoiMSJ9.1Lu9xcf_hwhWUMYD1RV-ycwASy-_cRC_lznnyw8duv1rI8HYvVg9zlmSJiUj4LMLJozQa_hAo3PWAn2HdhWl5tQ59MB0pVxJdCjYaU2k5mtv5h9fcl-MVhLcnrnVacmn4FnG6VfilwxhEZDZVUpbkk_Du7FqP4d5Q4nssYExg8-5lzdjMxTo1NNpjSXXGsACw-pgrGPoya7UPCmnSxzp707DJa5B8CyMYbcOs_YHb9I.heODLDTVfhRZQgINPX9JEX11Id_MN31xvV-LkmzGPbo&dib_tag=se&keywords=dash+cam&qid=1741639570&sprefix=garmin+dash+cam%2Caps%2C888&sr=8-10
[2025-03-10T20:55:21.983Z]   4. https://www.amazon.co.uk/VIOFO-A229-Pro-STARVIS-Channel-Black/dp/B0CLV37QKG?crid=2BO5ZP36UIQXE&dib=eyJ2IjoiMSJ9.G7xZ7kIen1E1JV33YFS5GhH_2S-ZoA46-dJ36JHhb7faGApHE5IUnbmTdvooi7nL7T1qNdX4uSBkMx-gfUW8stnOfdhCjTVdlN3m9fRZ0GCRFKSJs2EGVWEPjr9CP_IWF_IHniwFY_w2YX4uelMi09hKgPl5YGdtbXUu5AgyA2MOyvfqziFuthuMYPPeAzBXO88fDTCx_9POppyej5xOXp5Kp_7UwjObY-xgvFhBlco.vbHh68BPzAQQgHj9rFDxFZVQL66iALQDw01DkFu5YbE&dib_tag=se&keywords=viofo+a229+pro&qid=1741639737&sprefix=viofo%2Caps%2C413&sr=8-4
[2025-03-10T20:56:26.530Z] Starting to use backup data...
[2025-03-10T20:56:26.650Z] Read 2 products from backup file
[2025-03-10T20:56:26.653Z] Saved 2 products to /home/kayakertom/newdashcam/data/products.json
[2025-03-10T20:56:26.659Z] Successfully used backup data
[2025-03-11T06:05:44.755Z] Starting product data reset...
[2025-03-11T06:05:44.797Z] Created backup of products file: /home/kayakertom/newdashcam/data/products.backup.json
[2025-03-11T06:05:44.799Z] Deleting all existing product data...
[2025-03-11T06:05:44.800Z] Scraping 4 products from PRODUCT_URLS array...
[2025-03-11T06:08:34.306Z] Scraped 4 products from PRODUCT_URLS
[2025-03-11T06:08:34.326Z] Saved 4 products to /home/kayakertom/newdashcam/data/products.json
[2025-03-11T06:08:34.328Z] Product data reset completed successfully
